dojah-module/build/intermediates/manifest_merge_blame_file/mobileRelease/manifest-merger-blame-mobile-release-report.txt
1<?xml version="1.0" encoding="utf-8"?>
2<manifest xmlns:android="http://schemas.android.com/apk/res/android"
3    package="com.dojah_inc.dojah_android_sdk" >
4
5    <uses-sdk android:minSdkVersion="21" />
6
7    <uses-permission android:name="android.permission.ACCESS_NETWORK_STATE" />
7-->src/main/AndroidManifest.xml:5:5-79
7-->src/main/AndroidManifest.xml:5:22-76
8    <uses-permission android:name="android.permission.ACCESS_COARSE_LOCATION" />
8-->src/main/AndroidManifest.xml:6:5-81
8-->src/main/AndroidManifest.xml:6:22-78
9    <uses-permission android:name="android.permission.ACCESS_FINE_LOCATION" />
9-->src/main/AndroidManifest.xml:7:5-79
9-->src/main/AndroidManifest.xml:7:22-76
10    <uses-permission android:name="android.permission.WAKE_LOCK" />
10-->src/main/AndroidManifest.xml:8:5-68
10-->src/main/AndroidManifest.xml:8:22-65
11
12    <!-- Dojah Permissions -->
13    <uses-permission android:name="android.permission.INTERNET" />
13-->src/main/AndroidManifest.xml:11:5-67
13-->src/main/AndroidManifest.xml:11:22-64
14    <uses-permission android:name="android.permission.CAMERA" />
14-->src/main/AndroidManifest.xml:12:5-65
14-->src/main/AndroidManifest.xml:12:22-62
15
16    <uses-feature android:name="android.hardware.camera" />
16-->src/main/AndroidManifest.xml:14:5-60
16-->src/main/AndroidManifest.xml:14:19-57
17
18    <uses-permission android:name="android.permission.READ_MEDIA_IMAGES" />
18-->src/main/AndroidManifest.xml:15:5-76
18-->src/main/AndroidManifest.xml:15:22-73
19
20    <queries>
20-->src/main/AndroidManifest.xml:18:5-20:15
21    </queries>
22
23    <application
23-->src/main/AndroidManifest.xml:22:5-65:19
24        android:allowBackup="true"
24-->src/main/AndroidManifest.xml:23:9-35
25        android:label="@string/app_name"
25-->src/main/AndroidManifest.xml:24:9-41
26        android:supportsRtl="true"
26-->src/main/AndroidManifest.xml:25:9-35
27        android:theme="@style/Theme.Dojah" >
27-->src/main/AndroidManifest.xml:26:9-43
28        <activity
28-->src/main/AndroidManifest.xml:27:9-35:20
29            android:name="com.dojah_inc.dojah_android_sdk.ui.splash.SplashActivity"
29-->src/main/AndroidManifest.xml:28:13-84
30            android:exported="true"
30-->src/main/AndroidManifest.xml:29:13-36
31            android:theme="@style/Theme.Splash" >
31-->src/main/AndroidManifest.xml:30:13-48
32            <intent-filter>
32-->src/main/AndroidManifest.xml:31:13-34:29
33                <action android:name="android.intent.action.MAIN" />
33-->src/main/AndroidManifest.xml:32:17-69
33-->src/main/AndroidManifest.xml:32:25-66
34            </intent-filter>
35        </activity>
36        <activity
36-->src/main/AndroidManifest.xml:36:9-52:20
37            android:name="com.dojah_inc.dojah_android_sdk.ui.main.DojahMainActivity"
37-->src/main/AndroidManifest.xml:37:13-85
38            android:exported="true"
38-->src/main/AndroidManifest.xml:38:13-36
39            android:theme="@style/Theme.Dojah"
39-->src/main/AndroidManifest.xml:39:13-47
40            android:windowSoftInputMode="adjustResize" >
40-->src/main/AndroidManifest.xml:40:13-55
41            <intent-filter>
41-->src/main/AndroidManifest.xml:41:13-51:29
42                <action android:name="android.intent.action.VIEW" />
42-->src/main/AndroidManifest.xml:42:17-69
42-->src/main/AndroidManifest.xml:42:25-66
43
44                <category android:name="android.intent.category.DEFAULT" />
44-->src/main/AndroidManifest.xml:44:17-76
44-->src/main/AndroidManifest.xml:44:27-73
45                <category android:name="android.intent.category.BROWSABLE" />
45-->src/main/AndroidManifest.xml:45:17-78
45-->src/main/AndroidManifest.xml:45:27-75
46
47                <data
47-->src/main/AndroidManifest.xml:47:17-50:46
48                    android:host="dojah.io"
48-->src/main/AndroidManifest.xml:48:21-44
49                    android:pathPrefix="/"
49-->src/main/AndroidManifest.xml:49:21-43
50                    android:scheme="https" />
50-->src/main/AndroidManifest.xml:50:21-43
51            </intent-filter>
52        </activity>
53
54        <!-- <provider -->
55        <!-- android:name="androidx.core.content.FileProvider" -->
56        <!-- android:authorities="com.dojah_inc.dojah_android_sdk.provider" -->
57        <!-- android:exported="false" -->
58        <!-- android:grantUriPermissions="true"> -->
59        <!-- <meta-data -->
60        <!-- android:name="android.support.FILE_PROVIDER_PATHS" -->
61        <!-- android:resource="@xml/provider_paths" /> -->
62        <!-- </provider> -->
63
64    </application>
65
66</manifest>